Using pre-set license
Built from '2020.3/release' branch; Version is '2020.3.1f1 (77a89f25062f) revision 7841951'; Using compiler version '192528614'; Build Type 'Release'
OS: 'Windows 10 Home Single Language; OS build 19041.928; Version 2004; 64bit' Language: 'es' Physical Memory: 15789 MB
BatchMode: 1, IsHumanControllingUs: 0, StartBugReporterOnCrash: 0, Is64bit: 1, IsPro: 0

 COMMAND LINE ARGUMENTS:
C:\Program Files\Unity\Hub\Editor\2020.3.1f1\Editor\Unity.exe
-adb2
-batchMode
-noUpm
-name
AssetImportWorker0
-projectPath
D:/Desarrollos/Unity/Unit 5 - User Interface
-logFile
Logs/AssetImportWorker0.log
-srvPort
53984
Successfully changed project path to: D:/Desarrollos/Unity/Unit 5 - User Interface
D:/Desarrollos/Unity/Unit 5 - User Interface
Using Asset Import Pipeline V2.
Refreshing native plugins compatible for Editor in 21.43 ms, found 0 plugins.
Preloading 0 native plugins for Editor in 0.00 ms.
Initialize engine version: 2020.3.1f1 (77a89f25062f)
[Subsystems] Discovering subsystems at path C:/Program Files/Unity/Hub/Editor/2020.3.1f1/Editor/Data/Resources/UnitySubsystems
[Subsystems] Discovering subsystems at path D:/Desarrollos/Unity/Unit 5 - User Interface/Assets
GfxDevice: creating device client; threaded=0
Direct3D:
    Version:  Direct3D 11.0 [level 11.1]
    Renderer: NVIDIA GeForce GTX 1660 Ti (ID=0x2191)
    Vendor:   
    VRAM:     5991 MB
    Driver:   27.21.14.6192
Initialize mono
Mono path[0] = 'C:/Program Files/Unity/Hub/Editor/2020.3.1f1/Editor/Data/Managed'
Mono path[1] = 'C:/Program Files/Unity/Hub/Editor/2020.3.1f1/Editor/Data/MonoBleedingEdge/lib/mono/unityjit'
Mono config path = 'C:/Program Files/Unity/Hub/Editor/2020.3.1f1/Editor/Data/MonoBleedingEdge/etc'
Using monoOptions --debugger-agent=transport=dt_socket,embedding=1,server=y,suspend=n,address=127.0.0.1:56616
Begin MonoManager ReloadAssembly
Registering precompiled unity dll's ...
Register platform support module: C:/Program Files/Unity/Hub/Editor/2020.3.1f1/Editor/Data/PlaybackEngines/WebGLSupport/UnityEditor.WebGL.Extensions.dll
Register platform support module: C:/Program Files/Unity/Hub/Editor/2020.3.1f1/Editor/Data/PlaybackEngines/WindowsStandaloneSupport/UnityEditor.WindowsStandalone.Extensions.dll
Registered in 0.002610 seconds.
Native extension for WindowsStandalone target not found
Native extension for WebGL target not found
Refreshing native plugins compatible for Editor in 21.12 ms, found 0 plugins.
Preloading 0 native plugins for Editor in 0.00 ms.
Invoked RoslynAnalysisRunner static constructor.
RoslynAnalysisRunner will not be running.
RoslynAnalysisRunner has terminated.
Mono: successfully reloaded assembly
- Completed reload, in  1.726 seconds
Platform modules already initialized, skipping
Registering precompiled user dll's ...
Registered in 0.000684 seconds.
Begin MonoManager ReloadAssembly
Native extension for WindowsStandalone target not found
Native extension for WebGL target not found
Refreshing native plugins compatible for Editor in 0.24 ms, found 0 plugins.
Preloading 0 native plugins for Editor in 0.00 ms.
Invoked RoslynAnalysisRunner static constructor.
RoslynAnalysisRunner will not be running.
RoslynAnalysisRunner has terminated.
Mono: successfully reloaded assembly
- Completed reload, in  0.725 seconds
Platform modules already initialized, skipping
========================================================================
Worker process is ready to serve import requests
Launched and connected shader compiler UnityShaderCompiler.exe after 0.04 seconds
Refreshing native plugins compatible for Editor in 0.32 ms, found 0 plugins.
Preloading 0 native plugins for Editor in 0.00 ms.
Unloading 1115 Unused Serialized files (Serialized files now loaded: 0)
System memory in use before: 57.1 MB.
System memory in use after: 57.1 MB.

Unloading 10 unused Assets to reduce memory usage. Loaded Objects now: 1557.
Total: 1.760300 ms (FindLiveObjects: 0.146400 ms CreateObjectMapping: 0.030300 ms MarkObjects: 1.504500 ms  DeleteObjects: 0.078000 ms)

========================================================================
Received Import Request.
  path: Assets
  artifactKey: Guid(00000000000000001000000000000000) Importer(815301076,1909f56bfc062723c751e8b465ee728b)
Start importing Assets using Guid(00000000000000001000000000000000) Importer(815301076,1909f56bfc062723c751e8b465ee728b)  -> (artifact id: 'a6374019befeac6ce670f13ba9960efb') in 0.029643 seconds
  Import took 0.059743 seconds .

========================================================================
Received Import Request.
  Time since last request: 0.000438 seconds.
  path: Assets/Course Library
  artifactKey: Guid(10a492cb0e85ae145b9cc221cc7928fa) Importer(815301076,1909f56bfc062723c751e8b465ee728b)
Start importing Assets/Course Library using Guid(10a492cb0e85ae145b9cc221cc7928fa) Importer(815301076,1909f56bfc062723c751e8b465ee728b)  -> (artifact id: 'ae86cc44298960b17b02251a4b4bc2d1') in 0.009156 seconds
  Import took 0.011162 seconds .

========================================================================
Received Import Request.
  Time since last request: 4.283134 seconds.
  path: Assets/Target.cs
  artifactKey: Guid(d82484c6e0b71a3428a183b99eb73b56) Importer(815301076,1909f56bfc062723c751e8b465ee728b)
Start importing Assets/Target.cs using Guid(d82484c6e0b71a3428a183b99eb73b56) Importer(815301076,1909f56bfc062723c751e8b465ee728b)  -> (artifact id: '270381bbfe852fa58ec050b741c5745c') in 0.037185 seconds
  Import took 0.074178 seconds .

========================================================================
Received Import Request.
  Time since last request: 0.033128 seconds.
  path: Assets/Target.cs
  artifactKey: Guid(d82484c6e0b71a3428a183b99eb73b56) Importer(815301076,1909f56bfc062723c751e8b465ee728b)
Start importing Assets/Target.cs using Guid(d82484c6e0b71a3428a183b99eb73b56) Importer(815301076,1909f56bfc062723c751e8b465ee728b)  -> (artifact id: '270381bbfe852fa58ec050b741c5745c') in 0.033471 seconds
  Import took 0.035590 seconds .

========================================================================
Received Prepare
Registering precompiled user dll's ...
Registered in 0.000694 seconds.
Begin MonoManager ReloadAssembly
Native extension for WindowsStandalone target not found
Native extension for WebGL target not found
Refreshing native plugins compatible for Editor in 0.21 ms, found 0 plugins.
Preloading 0 native plugins for Editor in 0.00 ms.
Invoked RoslynAnalysisRunner static constructor.
RoslynAnalysisRunner will not be running.
RoslynAnalysisRunner has terminated.
Mono: successfully reloaded assembly
- Completed reload, in  0.682 seconds
Platform modules already initialized, skipping
Refreshing native plugins compatible for Editor in 0.21 ms, found 0 plugins.
Preloading 0 native plugins for Editor in 0.00 ms.
Unloading 1110 Unused Serialized files (Serialized files now loaded: 0)
System memory in use before: 57.0 MB.
System memory in use after: 57.1 MB.

Unloading 5 unused Assets to reduce memory usage. Loaded Objects now: 1561.
Total: 1.972400 ms (FindLiveObjects: 0.215000 ms CreateObjectMapping: 0.051600 ms MarkObjects: 1.645100 ms  DeleteObjects: 0.059000 ms)

========================================================================
Received Import Request.
  Time since last request: 7.462576 seconds.
  path: Assets/Scripts
  artifactKey: Guid(614e59463da9b1b49b2f0e6a15dbf1f0) Importer(815301076,1909f56bfc062723c751e8b465ee728b)
Start importing Assets/Scripts using Guid(614e59463da9b1b49b2f0e6a15dbf1f0) Importer(815301076,1909f56bfc062723c751e8b465ee728b)  -> (artifact id: '5e148c8103087ab3ad749b7eb1d7d18c') in 0.010810 seconds
  Import took 0.067060 seconds .

========================================================================
Received Import Request.
  Time since last request: 9.297468 seconds.
  path: Assets/Prefabs
  artifactKey: Guid(b2c81c8d354c9584fbe07f412da3c672) Importer(815301076,1909f56bfc062723c751e8b465ee728b)
Start importing Assets/Prefabs using Guid(b2c81c8d354c9584fbe07f412da3c672) Importer(815301076,1909f56bfc062723c751e8b465ee728b)  -> (artifact id: '7ba0d0833227daa83477dda316018978') in 0.038789 seconds
  Import took 0.040905 seconds .

========================================================================
Received Prepare
Registering precompiled user dll's ...
Registered in 0.000683 seconds.
Begin MonoManager ReloadAssembly
Native extension for WindowsStandalone target not found
Native extension for WebGL target not found
Refreshing native plugins compatible for Editor in 0.24 ms, found 0 plugins.
Preloading 0 native plugins for Editor in 0.00 ms.
Invoked RoslynAnalysisRunner static constructor.
RoslynAnalysisRunner will not be running.
RoslynAnalysisRunner has terminated.
Mono: successfully reloaded assembly
- Completed reload, in  0.697 seconds
Platform modules already initialized, skipping
Refreshing native plugins compatible for Editor in 0.22 ms, found 0 plugins.
Preloading 0 native plugins for Editor in 0.00 ms.
Unloading 1110 Unused Serialized files (Serialized files now loaded: 0)
System memory in use before: 57.0 MB.
System memory in use after: 57.1 MB.

Unloading 5 unused Assets to reduce memory usage. Loaded Objects now: 1564.
Total: 1.609500 ms (FindLiveObjects: 0.182700 ms CreateObjectMapping: 0.049900 ms MarkObjects: 1.324300 ms  DeleteObjects: 0.051300 ms)

========================================================================
Received Import Request.
  Time since last request: 8.321391 seconds.
  path: Assets/Course Library/_Source_Files
  artifactKey: Guid(0a11fcdc511c6724095926c167391bd6) Importer(815301076,1909f56bfc062723c751e8b465ee728b)
Start importing Assets/Course Library/_Source_Files using Guid(0a11fcdc511c6724095926c167391bd6) Importer(815301076,1909f56bfc062723c751e8b465ee728b)  -> (artifact id: 'a16bca01556594903147d57b15a13c53') in 0.010102 seconds
  Import took 0.012168 seconds .

========================================================================
Received Import Request.
  Time since last request: 3.113965 seconds.
  path: Assets/Course Library/_Source_Files/FBX
  artifactKey: Guid(7b51721fc7cba7a47b1cb71184a00c32) Importer(815301076,1909f56bfc062723c751e8b465ee728b)
Start importing Assets/Course Library/_Source_Files/FBX using Guid(7b51721fc7cba7a47b1cb71184a00c32) Importer(815301076,1909f56bfc062723c751e8b465ee728b)  -> (artifact id: '45f84fcbb4e9a8103aecc2c28142e68c') in 0.013446 seconds
  Import took 0.015324 seconds .

========================================================================
Received Import Request.
  Time since last request: 0.049666 seconds.
  path: Assets/Course Library/_Source_Files/FBX/Ball_8Ball.fbx
  artifactKey: Guid(4f58056fda9cf524ea52df48785846d9) Importer(815301076,1909f56bfc062723c751e8b465ee728b)
Start importing Assets/Course Library/_Source_Files/FBX/Ball_8Ball.fbx using Guid(4f58056fda9cf524ea52df48785846d9) Importer(815301076,1909f56bfc062723c751e8b465ee728b)  -> (artifact id: 'e9fc47b4d39c53d6796bb3fe69fa0cfe') in 0.171381 seconds
  Import took 0.208866 seconds .

========================================================================
Received Import Request.
  Time since last request: 0.000460 seconds.
  path: Assets/Course Library/_Source_Files/FBX/Items_Wine_01.fbx
  artifactKey: Guid(f9c04ce17e1bea441a2dde5505e10ed5) Importer(815301076,1909f56bfc062723c751e8b465ee728b)
Start importing Assets/Course Library/_Source_Files/FBX/Items_Wine_01.fbx using Guid(f9c04ce17e1bea441a2dde5505e10ed5) Importer(815301076,1909f56bfc062723c751e8b465ee728b)  -> (artifact id: '47b6287bb9bb6883b3ac3df02952842b') in 0.234660 seconds
  Import took 0.236644 seconds .

========================================================================
Received Import Request.
  Time since last request: 0.000433 seconds.
  path: Assets/Course Library/_Source_Files/FBX/SI_RadiationIcon.fbx
  artifactKey: Guid(658d96199cc7d3b4880fa76714523436) Importer(815301076,1909f56bfc062723c751e8b465ee728b)
Start importing Assets/Course Library/_Source_Files/FBX/SI_RadiationIcon.fbx using Guid(658d96199cc7d3b4880fa76714523436) Importer(815301076,1909f56bfc062723c751e8b465ee728b)  -> (artifact id: '8dd7cf462780696ce5d6210322d33002') in 0.085143 seconds
  Import took 0.087012 seconds .

========================================================================
Received Import Request.
  Time since last request: 0.000426 seconds.
  path: Assets/Course Library/_Source_Files/FBX/SI_Food_Fish_Cooked.fbx
  artifactKey: Guid(85e4a8c480f09dc4183af326bee29e93) Importer(815301076,1909f56bfc062723c751e8b465ee728b)
Start importing Assets/Course Library/_Source_Files/FBX/SI_Food_Fish_Cooked.fbx using Guid(85e4a8c480f09dc4183af326bee29e93) Importer(815301076,1909f56bfc062723c751e8b465ee728b)  -> (artifact id: '44c5884ea0245d2be5bec1074cbedd26') in 0.021530 seconds
  Import took 0.023522 seconds .

========================================================================
Received Import Request.
  Time since last request: 0.000631 seconds.
  path: Assets/Course Library/_Source_Files/FBX/Items_EnergyCan_01.fbx
  artifactKey: Guid(6b10d5dd38b22314f932fba49fc26253) Importer(815301076,1909f56bfc062723c751e8b465ee728b)
Start importing Assets/Course Library/_Source_Files/FBX/Items_EnergyCan_01.fbx using Guid(6b10d5dd38b22314f932fba49fc26253) Importer(815301076,1909f56bfc062723c751e8b465ee728b)  -> (artifact id: '53aaf19b021c07cc1bd23b646979c49b') in 0.095394 seconds
  Import took 0.097468 seconds .

========================================================================
Received Import Request.
  Time since last request: 0.000358 seconds.
  path: Assets/Course Library/_Source_Files/FBX/SI_FireIcon.fbx
  artifactKey: Guid(31e6dd0b1a83d2545a63dfc9ef21c42f) Importer(815301076,1909f56bfc062723c751e8b465ee728b)
Start importing Assets/Course Library/_Source_Files/FBX/SI_FireIcon.fbx using Guid(31e6dd0b1a83d2545a63dfc9ef21c42f) Importer(815301076,1909f56bfc062723c751e8b465ee728b)  -> (artifact id: 'bd00360474448c8082b1d440f8dc3a74') in 0.090232 seconds
  Import took 0.092110 seconds .

========================================================================
Received Import Request.
  Time since last request: 0.000415 seconds.
  path: Assets/Course Library/_Source_Files/FBX/SI_MultiplierIcon.fbx
  artifactKey: Guid(7b2e43c7f0b75f54789417d03a4eb3cb) Importer(815301076,1909f56bfc062723c751e8b465ee728b)
Start importing Assets/Course Library/_Source_Files/FBX/SI_MultiplierIcon.fbx using Guid(7b2e43c7f0b75f54789417d03a4eb3cb) Importer(815301076,1909f56bfc062723c751e8b465ee728b)  -> (artifact id: '50ab965853d0ac0fd4dedf4701a47e31') in 0.047514 seconds
  Import took 0.049672 seconds .

========================================================================
Received Import Request.
  Time since last request: 0.000417 seconds.
  path: Assets/Course Library/_Source_Files/FBX/SI_Food_Organic_Apple_03.fbx
  artifactKey: Guid(6294bcc7efeb481429886b9604a08df6) Importer(815301076,1909f56bfc062723c751e8b465ee728b)
Start importing Assets/Course Library/_Source_Files/FBX/SI_Food_Organic_Apple_03.fbx using Guid(6294bcc7efeb481429886b9604a08df6) Importer(815301076,1909f56bfc062723c751e8b465ee728b)  -> (artifact id: '306805a0aab342e2bbb74a9de77446ee') in 0.042250 seconds
  Import took 0.044202 seconds .

========================================================================
Received Import Request.
  Time since last request: 0.000358 seconds.
  path: Assets/Course Library/_Source_Files/FBX/SM_Prop_Barrel_01.fbx
  artifactKey: Guid(270efc4fb3c7ef74cb77f88b77cefaa1) Importer(815301076,1909f56bfc062723c751e8b465ee728b)
Start importing Assets/Course Library/_Source_Files/FBX/SM_Prop_Barrel_01.fbx using Guid(270efc4fb3c7ef74cb77f88b77cefaa1) Importer(815301076,1909f56bfc062723c751e8b465ee728b)  -> (artifact id: '9c009b864426809a2c17af2da633b742') in 0.110156 seconds
  Import took 0.112045 seconds .

========================================================================
Received Import Request.
  Time since last request: 0.000356 seconds.
  path: Assets/Course Library/_Source_Files/FBX/SI_Food_Organic_Carrot.fbx
  artifactKey: Guid(7f76d896f2cc25048b6175b2d696a4c6) Importer(815301076,1909f56bfc062723c751e8b465ee728b)
Start importing Assets/Course Library/_Source_Files/FBX/SI_Food_Organic_Carrot.fbx using Guid(7f76d896f2cc25048b6175b2d696a4c6) Importer(815301076,1909f56bfc062723c751e8b465ee728b)  -> (artifact id: 'ee8f40d0bbff54a489a58897bc6da23c') in 0.020530 seconds
  Import took 0.022485 seconds .

========================================================================
Received Import Request.
  Time since last request: 0.000431 seconds.
  path: Assets/Course Library/_Source_Files/FBX/SM_Prop_Bone_01.fbx
  artifactKey: Guid(828481e15b18a254c882f17660366d71) Importer(815301076,1909f56bfc062723c751e8b465ee728b)
Start importing Assets/Course Library/_Source_Files/FBX/SM_Prop_Bone_01.fbx using Guid(828481e15b18a254c882f17660366d71) Importer(815301076,1909f56bfc062723c751e8b465ee728b)  -> (artifact id: '1a3b19e83852016cabe09d69c100f934') in 0.048703 seconds
  Import took 0.050990 seconds .

========================================================================
Received Import Request.
  Time since last request: 0.000449 seconds.
  path: Assets/Course Library/_Source_Files/FBX/SM_Prop_Steak_01.fbx
  artifactKey: Guid(c55426ee7a822ec4c8ceed2eb60a805e) Importer(815301076,1909f56bfc062723c751e8b465ee728b)
Start importing Assets/Course Library/_Source_Files/FBX/SM_Prop_Steak_01.fbx using Guid(c55426ee7a822ec4c8ceed2eb60a805e) Importer(815301076,1909f56bfc062723c751e8b465ee728b)  -> (artifact id: '0ae2f29b4893b8d0b510b00d2ed27ce7') in 0.020625 seconds
  Import took 0.022656 seconds .

========================================================================
Received Import Request.
  Time since last request: 0.000406 seconds.
  path: Assets/Course Library/_Source_Files/FBX/SM_Prop_Barrel_02.fbx
  artifactKey: Guid(bc0208005b6890d44994050c677eb13f) Importer(815301076,1909f56bfc062723c751e8b465ee728b)
Start importing Assets/Course Library/_Source_Files/FBX/SM_Prop_Barrel_02.fbx using Guid(bc0208005b6890d44994050c677eb13f) Importer(815301076,1909f56bfc062723c751e8b465ee728b)  -> (artifact id: '73d2c34af7e961cabe5664fca3fcfa5f') in 0.041433 seconds
  Import took 0.043450 seconds .

========================================================================
Received Import Request.
  Time since last request: 0.000430 seconds.
  path: Assets/Course Library/_Source_Files/FBX/SM_Prop_Synty_Cube_01.fbx
  artifactKey: Guid(6cfe01e70a444224f8eb725e2b22452d) Importer(815301076,1909f56bfc062723c751e8b465ee728b)
Start importing Assets/Course Library/_Source_Files/FBX/SM_Prop_Synty_Cube_01.fbx using Guid(6cfe01e70a444224f8eb725e2b22452d) Importer(815301076,1909f56bfc062723c751e8b465ee728b)  -> (artifact id: 'afdb5aafea4b8191264441ac865e3a7e') in 0.021311 seconds
  Import took 0.023240 seconds .

========================================================================
Received Import Request.
  Time since last request: 0.000437 seconds.
  path: Assets/Course Library/_Source_Files/FBX/SI_Food_Organic_Pear_02.fbx
  artifactKey: Guid(fac3f861a349d484a91061b9ed7aa40d) Importer(815301076,1909f56bfc062723c751e8b465ee728b)
Start importing Assets/Course Library/_Source_Files/FBX/SI_Food_Organic_Pear_02.fbx using Guid(fac3f861a349d484a91061b9ed7aa40d) Importer(815301076,1909f56bfc062723c751e8b465ee728b)  -> (artifact id: '13a197cfc0147209c67840ebd3054c7e') in 0.054914 seconds
  Import took 0.056940 seconds .

========================================================================
Received Import Request.
  Time since last request: 0.000449 seconds.
  path: Assets/Course Library/_Source_Files/FBX/SI_Food_Organic_Apple_01.fbx
  artifactKey: Guid(cf2656555a2f4904f94b09943e34400f) Importer(815301076,1909f56bfc062723c751e8b465ee728b)
Start importing Assets/Course Library/_Source_Files/FBX/SI_Food_Organic_Apple_01.fbx using Guid(cf2656555a2f4904f94b09943e34400f) Importer(815301076,1909f56bfc062723c751e8b465ee728b)  -> (artifact id: '645455561f0f72e47fbede28b586fb71') in 0.020979 seconds
  Import took 0.023275 seconds .

========================================================================
Received Import Request.
  Time since last request: 0.000354 seconds.
  path: Assets/Course Library/_Source_Files/FBX/SM_Prop_Crate_Question_01.fbx
  artifactKey: Guid(78bd0c4c873f8654197ff2905740f24f) Importer(815301076,1909f56bfc062723c751e8b465ee728b)
Start importing Assets/Course Library/_Source_Files/FBX/SM_Prop_Crate_Question_01.fbx using Guid(78bd0c4c873f8654197ff2905740f24f) Importer(815301076,1909f56bfc062723c751e8b465ee728b)  -> (artifact id: '230871469b731dadfce6eb59e170527f') in 0.054736 seconds
  Import took 0.056703 seconds .

========================================================================
Received Import Request.
  Time since last request: 0.000479 seconds.
  path: Assets/Course Library/_Source_Files/FBX/Ball_Beachball.fbx
  artifactKey: Guid(24b9f0d9f28c60c44b9cc3b309700d3e) Importer(815301076,1909f56bfc062723c751e8b465ee728b)
Start importing Assets/Course Library/_Source_Files/FBX/Ball_Beachball.fbx using Guid(24b9f0d9f28c60c44b9cc3b309700d3e) Importer(815301076,1909f56bfc062723c751e8b465ee728b)  -> (artifact id: 'e09853b8872a00dba214737e98a8a96d') in 0.090141 seconds
  Import took 0.092145 seconds .

========================================================================
Received Import Request.
  Time since last request: 0.000438 seconds.
  path: Assets/Course Library/_Source_Files/FBX/Ball_Cricket.fbx
  artifactKey: Guid(0809ffbe01df7be48825f622dc36e370) Importer(815301076,1909f56bfc062723c751e8b465ee728b)
Start importing Assets/Course Library/_Source_Files/FBX/Ball_Cricket.fbx using Guid(0809ffbe01df7be48825f622dc36e370) Importer(815301076,1909f56bfc062723c751e8b465ee728b)  -> (artifact id: '04423f658e527ee2fc770f4831d13430') in 0.087863 seconds
  Import took 0.089770 seconds .

========================================================================
Received Import Request.
  Time since last request: 0.000425 seconds.
  path: Assets/Course Library/_Source_Files/FBX/Items_Pizza_01.fbx
  artifactKey: Guid(0169642a95e8fce49b967cc4543bcdd8) Importer(815301076,1909f56bfc062723c751e8b465ee728b)
Start importing Assets/Course Library/_Source_Files/FBX/Items_Pizza_01.fbx using Guid(0169642a95e8fce49b967cc4543bcdd8) Importer(815301076,1909f56bfc062723c751e8b465ee728b)  -> (artifact id: '31c631e5461f3770f57be11781984ba7') in 0.088514 seconds
  Import took 0.090522 seconds .

========================================================================
Received Import Request.
  Time since last request: 0.000531 seconds.
  path: Assets/Course Library/_Source_Files/FBX/SM_Item_Ball_American_01.fbx
  artifactKey: Guid(eba46a380450fdf458c93cbedb07ed96) Importer(815301076,1909f56bfc062723c751e8b465ee728b)
Start importing Assets/Course Library/_Source_Files/FBX/SM_Item_Ball_American_01.fbx using Guid(eba46a380450fdf458c93cbedb07ed96) Importer(815301076,1909f56bfc062723c751e8b465ee728b)  -> (artifact id: 'ecc04e7c625ac881c2a82129c10cc895') in 0.042329 seconds
  Import took 0.044410 seconds .

========================================================================
Received Import Request.
  Time since last request: 0.000438 seconds.
  path: Assets/Course Library/_Source_Files/FBX/Items_Cookie_01.fbx
  artifactKey: Guid(d2d314c911e4af5408b077dfed69013d) Importer(815301076,1909f56bfc062723c751e8b465ee728b)
Start importing Assets/Course Library/_Source_Files/FBX/Items_Cookie_01.fbx using Guid(d2d314c911e4af5408b077dfed69013d) Importer(815301076,1909f56bfc062723c751e8b465ee728b)  -> (artifact id: '5cee066f28c12bf964c4102faaad530a') in 0.104973 seconds
  Import took 0.106954 seconds .

========================================================================
Received Import Request.
  Time since last request: 0.000440 seconds.
  path: Assets/Course Library/_Source_Files/FBX/SM_Prop_Crate_01.fbx
  artifactKey: Guid(6a1c3c31ad20ee24c837e6aad1e22d80) Importer(815301076,1909f56bfc062723c751e8b465ee728b)
Start importing Assets/Course Library/_Source_Files/FBX/SM_Prop_Crate_01.fbx using Guid(6a1c3c31ad20ee24c837e6aad1e22d80) Importer(815301076,1909f56bfc062723c751e8b465ee728b)  -> (artifact id: '29aa8dace42d4f5bd6f9a840eb06beb0') in 0.045776 seconds
  Import took 0.047696 seconds .

========================================================================
Received Import Request.
  Time since last request: 0.000471 seconds.
  path: Assets/Course Library/_Source_Files/FBX/SM_Item_Ball_Soccer_01.fbx
  artifactKey: Guid(0779dbb263c79eb42a856eeb83797719) Importer(815301076,1909f56bfc062723c751e8b465ee728b)
Start importing Assets/Course Library/_Source_Files/FBX/SM_Item_Ball_Soccer_01.fbx using Guid(0779dbb263c79eb42a856eeb83797719) Importer(815301076,1909f56bfc062723c751e8b465ee728b)  -> (artifact id: '8ba398985abb2233e1dfcc153c088e46') in 0.049082 seconds
  Import took 0.050971 seconds .

========================================================================
Received Import Request.
  Time since last request: 0.000391 seconds.
  path: Assets/Course Library/_Source_Files/FBX/SM_Primitive_Cube_01.fbx
  artifactKey: Guid(2d56fe2ad841a4f429c64626c08eaae5) Importer(815301076,1909f56bfc062723c751e8b465ee728b)
Start importing Assets/Course Library/_Source_Files/FBX/SM_Primitive_Cube_01.fbx using Guid(2d56fe2ad841a4f429c64626c08eaae5) Importer(815301076,1909f56bfc062723c751e8b465ee728b)  -> (artifact id: 'e7f7d7f749d6cbc88cf371f00abe0aa8') in 0.022667 seconds
  Import took 0.024991 seconds .

========================================================================
Received Import Request.
  Time since last request: 0.000361 seconds.
  path: Assets/Course Library/_Source_Files/FBX/SM_Icon_Skull_01.fbx
  artifactKey: Guid(170db210605ea844695dbbd5c2429940) Importer(815301076,1909f56bfc062723c751e8b465ee728b)
Start importing Assets/Course Library/_Source_Files/FBX/SM_Icon_Skull_01.fbx using Guid(170db210605ea844695dbbd5c2429940) Importer(815301076,1909f56bfc062723c751e8b465ee728b)  -> (artifact id: '54f38edc1d5ea87aeb13ce34b6b191dd') in 0.075169 seconds
  Import took 0.096879 seconds .

========================================================================
Received Import Request.
  Time since last request: 0.000370 seconds.
  path: Assets/Course Library/_Source_Files/FBX/Ball_Nuclear.fbx
  artifactKey: Guid(06e5d0bec391fce41ba27efebe344bec) Importer(815301076,1909f56bfc062723c751e8b465ee728b)
Start importing Assets/Course Library/_Source_Files/FBX/Ball_Nuclear.fbx using Guid(06e5d0bec391fce41ba27efebe344bec) Importer(815301076,1909f56bfc062723c751e8b465ee728b)  -> (artifact id: 'a2471833a98f82f7862ea83f3c75e119') in 0.023859 seconds
  Import took 0.025899 seconds .

========================================================================
Received Import Request.
  Time since last request: 0.000520 seconds.
  path: Assets/Course Library/_Source_Files/FBX/SM_Prop_Bomb_01.fbx
  artifactKey: Guid(5b0eedd9207590f40b02a2b89172c391) Importer(815301076,1909f56bfc062723c751e8b465ee728b)
Start importing Assets/Course Library/_Source_Files/FBX/SM_Prop_Bomb_01.fbx using Guid(5b0eedd9207590f40b02a2b89172c391) Importer(815301076,1909f56bfc062723c751e8b465ee728b)  -> (artifact id: '795cc8f8063e757d83b0a56d4102eb12') in 0.102004 seconds
  Import took 0.104797 seconds .

========================================================================
Received Import Request.
  Time since last request: 0.000364 seconds.
  path: Assets/Course Library/_Source_Files/FBX/Ball_Eye.fbx
  artifactKey: Guid(9279821004574e44d857d87b14b3f4b3) Importer(815301076,1909f56bfc062723c751e8b465ee728b)
Start importing Assets/Course Library/_Source_Files/FBX/Ball_Eye.fbx using Guid(9279821004574e44d857d87b14b3f4b3) Importer(815301076,1909f56bfc062723c751e8b465ee728b)  -> (artifact id: '9617ca98b3aa362f2668b6f4234ae7c2') in 0.020565 seconds
  Import took 0.022982 seconds .

========================================================================
Received Import Request.
  Time since last request: 0.000424 seconds.
  path: Assets/Course Library/_Source_Files/FBX/Items_Sandwich_01.fbx
  artifactKey: Guid(029157f85720f7749bec0a7d852a5894) Importer(815301076,1909f56bfc062723c751e8b465ee728b)
Start importing Assets/Course Library/_Source_Files/FBX/Items_Sandwich_01.fbx using Guid(029157f85720f7749bec0a7d852a5894) Importer(815301076,1909f56bfc062723c751e8b465ee728b)  -> (artifact id: '12f088cf50fb20f0fd9753a65ce9a206') in 0.089728 seconds
  Import took 0.091743 seconds .

========================================================================
Received Import Request.
  Time since last request: 0.000381 seconds.
  path: Assets/Course Library/_Source_Files/FBX/Ball_Eye.fbx
  artifactKey: Guid(9279821004574e44d857d87b14b3f4b3) Importer(815301076,1909f56bfc062723c751e8b465ee728b)
Start importing Assets/Course Library/_Source_Files/FBX/Ball_Eye.fbx using Guid(9279821004574e44d857d87b14b3f4b3) Importer(815301076,1909f56bfc062723c751e8b465ee728b)  -> (artifact id: '9617ca98b3aa362f2668b6f4234ae7c2') in 0.017609 seconds
  Import took 0.019617 seconds .

========================================================================
Received Import Request.
  Time since last request: 1.151773 seconds.
  path: Assets/Course Library/_Source_Files/Materials
  artifactKey: Guid(5b52054e701663240a465cc7d040c925) Importer(815301076,1909f56bfc062723c751e8b465ee728b)
Start importing Assets/Course Library/_Source_Files/Materials using Guid(5b52054e701663240a465cc7d040c925) Importer(815301076,1909f56bfc062723c751e8b465ee728b)  -> (artifact id: 'ccc9447c0230eba77ecbe5ed17dbc379') in 0.007327 seconds
  Import took 0.009772 seconds .

========================================================================
Received Import Request.
  Time since last request: 0.432195 seconds.
  path: Assets/Course Library/_Source_Files/Materials/lambert1.mat
  artifactKey: Guid(755a8ab3a8f607b4eb3106d48b449755) Importer(815301076,1909f56bfc062723c751e8b465ee728b)
Start importing Assets/Course Library/_Source_Files/Materials/lambert1.mat using Guid(755a8ab3a8f607b4eb3106d48b449755) Importer(815301076,1909f56bfc062723c751e8b465ee728b)  -> (artifact id: 'e51a02d9a9d811deb85621ffd124c2ec') in 0.082342 seconds
  Import took 0.084510 seconds .

========================================================================
Received Import Request.
  Time since last request: 0.000341 seconds.
  path: Assets/Course Library/_Source_Files/Materials/PolygonCity_Texture_01_A.mat
  artifactKey: Guid(f846a97524f98f44bae9b13d72a2fc49) Importer(815301076,1909f56bfc062723c751e8b465ee728b)
Start importing Assets/Course Library/_Source_Files/Materials/PolygonCity_Texture_01_A.mat using Guid(f846a97524f98f44bae9b13d72a2fc49) Importer(815301076,1909f56bfc062723c751e8b465ee728b)  -> (artifact id: '023377eec3e04f1a0b96270ab3f44cb6') in 0.039459 seconds
  Import took 0.041451 seconds .

========================================================================
Received Import Request.
  Time since last request: 0.000352 seconds.
  path: Assets/Course Library/_Source_Files/Materials/PolygonPrototype_Texture_01.mat
  artifactKey: Guid(41680dad0f0243748b4e228f49a2e3c4) Importer(815301076,1909f56bfc062723c751e8b465ee728b)
Start importing Assets/Course Library/_Source_Files/Materials/PolygonPrototype_Texture_01.mat using Guid(41680dad0f0243748b4e228f49a2e3c4) Importer(815301076,1909f56bfc062723c751e8b465ee728b)  -> (artifact id: 'ecd5f43f753c46923ed7bbbcba5784e3') in 0.237669 seconds
  Import took 0.239988 seconds .

========================================================================
Received Import Request.
  Time since last request: 0.000370 seconds.
  path: Assets/Course Library/_Source_Files/Materials/SimpleShopInteriors.mat
  artifactKey: Guid(b243f1f84ea457945900d7c80e573112) Importer(815301076,1909f56bfc062723c751e8b465ee728b)
Start importing Assets/Course Library/_Source_Files/Materials/SimpleShopInteriors.mat using Guid(b243f1f84ea457945900d7c80e573112) Importer(815301076,1909f56bfc062723c751e8b465ee728b)  -> (artifact id: '59f4ccc455d71a327df5c0dc0f05b812') in 0.122718 seconds
  Import took 0.124682 seconds .

========================================================================
Received Import Request.
  Time since last request: 0.000411 seconds.
  path: Assets/Course Library/_Source_Files/Materials/SimpleDogs.mat
  artifactKey: Guid(5a3559dc71a3dee46a71f5627f48bb36) Importer(815301076,1909f56bfc062723c751e8b465ee728b)
Start importing Assets/Course Library/_Source_Files/Materials/SimpleDogs.mat using Guid(5a3559dc71a3dee46a71f5627f48bb36) Importer(815301076,1909f56bfc062723c751e8b465ee728b)  -> (artifact id: '7f7cce5c472c497753fe4833e29c8c5f') in 0.133649 seconds
  Import took 0.135603 seconds .

========================================================================
Received Import Request.
  Time since last request: 0.000362 seconds.
  path: Assets/Course Library/_Source_Files/Materials/SumoBalls_Material_Shiny.mat
  artifactKey: Guid(0f9d505bf2ec96147b48ce4900e112ca) Importer(815301076,1909f56bfc062723c751e8b465ee728b)
Start importing Assets/Course Library/_Source_Files/Materials/SumoBalls_Material_Shiny.mat using Guid(0f9d505bf2ec96147b48ce4900e112ca) Importer(815301076,1909f56bfc062723c751e8b465ee728b)  -> (artifact id: 'b84a8bd33901c7308c77649716c9790b') in 0.205327 seconds
  Import took 0.207344 seconds .

========================================================================
Received Import Request.
  Time since last request: 0.000461 seconds.
  path: Assets/Course Library/_Source_Files/Materials/MilitaryProps.mat
  artifactKey: Guid(af9d3101091f90d4db78a2097d5dcb84) Importer(815301076,1909f56bfc062723c751e8b465ee728b)
Start importing Assets/Course Library/_Source_Files/Materials/MilitaryProps.mat using Guid(af9d3101091f90d4db78a2097d5dcb84) Importer(815301076,1909f56bfc062723c751e8b465ee728b)  -> (artifact id: '68ac13ce3376d42571061a62d15f25c4') in 0.205169 seconds
  Import took 0.224722 seconds .

========================================================================
Received Import Request.
  Time since last request: 0.000374 seconds.
  path: Assets/Course Library/_Source_Files/Materials/SimpleItems.mat
  artifactKey: Guid(dc043a9656f81bc488510dcda2b382ab) Importer(815301076,1909f56bfc062723c751e8b465ee728b)
Start importing Assets/Course Library/_Source_Files/Materials/SimpleItems.mat using Guid(dc043a9656f81bc488510dcda2b382ab) Importer(815301076,1909f56bfc062723c751e8b465ee728b)  -> (artifact id: '3cdc62367817158feb99b11594e72488') in 0.134686 seconds
  Import took 0.136626 seconds .

========================================================================
Received Import Request.
  Time since last request: 0.000365 seconds.
  path: Assets/Course Library/_Source_Files/Materials/SumoBalls_Material.mat
  artifactKey: Guid(ae4ff49dfb4c229488b12d99e4b0e3fc) Importer(815301076,1909f56bfc062723c751e8b465ee728b)
Start importing Assets/Course Library/_Source_Files/Materials/SumoBalls_Material.mat using Guid(ae4ff49dfb4c229488b12d99e4b0e3fc) Importer(815301076,1909f56bfc062723c751e8b465ee728b)  -> (artifact id: '2eaf1649ded2b4e13ea8a311de9be994') in 0.014472 seconds
  Import took 0.016540 seconds .

========================================================================
Received Import Request.
  Time since last request: 0.000622 seconds.
  path: Assets/Course Library/_Source_Files/Materials/PolygonCity_Mat_01_A.mat
  artifactKey: Guid(62e25ef75a2216f418d06453c9ad15cb) Importer(815301076,1909f56bfc062723c751e8b465ee728b)
Start importing Assets/Course Library/_Source_Files/Materials/PolygonCity_Mat_01_A.mat using Guid(62e25ef75a2216f418d06453c9ad15cb) Importer(815301076,1909f56bfc062723c751e8b465ee728b)  -> (artifact id: '6644ff2c453a51fedecda77b1abd8668') in 0.661174 seconds
  Import took 0.663637 seconds .

========================================================================
Received Import Request.
  Time since last request: 0.000414 seconds.
  path: Assets/Course Library/_Source_Files/Materials/PolygonPrototype_Texture_04.mat
  artifactKey: Guid(7d22fc6b9a431b043a917fb89a80bcfc) Importer(815301076,1909f56bfc062723c751e8b465ee728b)
Start importing Assets/Course Library/_Source_Files/Materials/PolygonPrototype_Texture_04.mat using Guid(7d22fc6b9a431b043a917fb89a80bcfc) Importer(815301076,1909f56bfc062723c751e8b465ee728b)  -> (artifact id: '995c10c43bab9aa54e888907bebe80ee') in 0.209086 seconds
  Import took 0.211575 seconds .

========================================================================
Received Import Request.
  Time since last request: 0.000501 seconds.
  path: Assets/Course Library/_Source_Files/Materials/SimpleIcons.mat
  artifactKey: Guid(9c0880e4cd8a8704e82b6940624b569a) Importer(815301076,1909f56bfc062723c751e8b465ee728b)
Start importing Assets/Course Library/_Source_Files/Materials/SimpleIcons.mat using Guid(9c0880e4cd8a8704e82b6940624b569a) Importer(815301076,1909f56bfc062723c751e8b465ee728b)  -> (artifact id: 'a5ed36bbff321a4fa4af0e76d3a3cf3f') in 0.096032 seconds
  Import took 0.098484 seconds .

========================================================================
Received Import Request.
  Time since last request: 0.272735 seconds.
  path: Assets/Course Library/_Source_Files/Scripts
  artifactKey: Guid(f6d94ea1c2f8d4dceb2700d3c5fb3d38) Importer(815301076,1909f56bfc062723c751e8b465ee728b)
Start importing Assets/Course Library/_Source_Files/Scripts using Guid(f6d94ea1c2f8d4dceb2700d3c5fb3d38) Importer(815301076,1909f56bfc062723c751e8b465ee728b)  -> (artifact id: 'd28e7e9c6f0e924ae819f5c57e304c60') in 0.007508 seconds
  Import took 0.010046 seconds .

========================================================================
Received Import Request.
  Time since last request: 2.123902 seconds.
  path: Assets/Course Library/_Source_Files/SimpleFX
  artifactKey: Guid(8dbab44e531ec465c999ca0dc30d0aa2) Importer(815301076,1909f56bfc062723c751e8b465ee728b)
Start importing Assets/Course Library/_Source_Files/SimpleFX using Guid(8dbab44e531ec465c999ca0dc30d0aa2) Importer(815301076,1909f56bfc062723c751e8b465ee728b)  -> (artifact id: 'e6612b433d1ba322a1305697b812708c') in 0.007730 seconds
  Import took 0.010268 seconds .

========================================================================
Received Import Request.
  Time since last request: 0.000624 seconds.
  path: Assets/Course Library/_Source_Files/SimpleFX
  artifactKey: Guid(8dbab44e531ec465c999ca0dc30d0aa2) Importer(815301076,1909f56bfc062723c751e8b465ee728b)
Start importing Assets/Course Library/_Source_Files/SimpleFX using Guid(8dbab44e531ec465c999ca0dc30d0aa2) Importer(815301076,1909f56bfc062723c751e8b465ee728b)  -> (artifact id: 'e6612b433d1ba322a1305697b812708c') in 0.005933 seconds
  Import took 0.008038 seconds .

========================================================================
Received Import Request.
  Time since last request: 1.131431 seconds.
  path: Assets/Course Library/_Source_Files/SimpleFX/Materials
  artifactKey: Guid(6f118e5c104d748c1b3d30836b6c7e0e) Importer(815301076,1909f56bfc062723c751e8b465ee728b)
Start importing Assets/Course Library/_Source_Files/SimpleFX/Materials using Guid(6f118e5c104d748c1b3d30836b6c7e0e) Importer(815301076,1909f56bfc062723c751e8b465ee728b)  -> (artifact id: '58b6f9e452bfceb5633d94993e7c341b') in 0.011147 seconds
  Import took 0.013501 seconds .

========================================================================
Received Import Request.
  Time since last request: 0.031982 seconds.
  path: Assets/Course Library/_Source_Files/SimpleFX/Materials/FX_Base.mat
  artifactKey: Guid(a0cec58fc32f482418596ffdf7c0d693) Importer(815301076,1909f56bfc062723c751e8b465ee728b)
Start importing Assets/Course Library/_Source_Files/SimpleFX/Materials/FX_Base.mat using Guid(a0cec58fc32f482418596ffdf7c0d693) Importer(815301076,1909f56bfc062723c751e8b465ee728b)  -> (artifact id: '721ab9e05cb663d32200eb4d7b6996cd') in 0.049559 seconds
  Import took 0.051697 seconds .

========================================================================
Received Import Request.
  Time since last request: 3.678571 seconds.
  path: Assets/Course Library/Props
  artifactKey: Guid(946725e10858d2d4680f5f2f072ed01f) Importer(815301076,1909f56bfc062723c751e8b465ee728b)
Start importing Assets/Course Library/Props using Guid(946725e10858d2d4680f5f2f072ed01f) Importer(815301076,1909f56bfc062723c751e8b465ee728b)  -> (artifact id: '94f68f8ce2314d226a604856099d974a') in 0.035664 seconds
  Import took 0.038347 seconds .

========================================================================
Received Import Request.
  Time since last request: 1.674918 seconds.
  path: Assets/Course Library/Props/Bad
  artifactKey: Guid(c8d9bef8457384b5e914d88883245b94) Importer(815301076,1909f56bfc062723c751e8b465ee728b)
Start importing Assets/Course Library/Props/Bad using Guid(c8d9bef8457384b5e914d88883245b94) Importer(815301076,1909f56bfc062723c751e8b465ee728b)  -> (artifact id: '0af8a3e2d1e3054bb9e2336c9fc72826') in 0.009583 seconds
  Import took 0.011987 seconds .

========================================================================
Received Import Request.
  Time since last request: 0.066863 seconds.
  path: Assets/Course Library/Props/Bad/Skull_01.prefab
  artifactKey: Guid(1aeca1bd9f707c245a80c7f103d235f9) Importer(815301076,1909f56bfc062723c751e8b465ee728b)
Start importing Assets/Course Library/Props/Bad/Skull_01.prefab using Guid(1aeca1bd9f707c245a80c7f103d235f9) Importer(815301076,1909f56bfc062723c751e8b465ee728b)  -> (artifact id: '7d1cee5db9415fbb4b30e7f1f0aefcf8') in 0.077278 seconds
  Import took 0.079470 seconds .

========================================================================
Received Import Request.
  Time since last request: 0.000377 seconds.
  path: Assets/Course Library/Props/Bad/SM_Prop_Bomb_01.prefab
  artifactKey: Guid(666ff701b211d6440b7bd44aa7b3abfa) Importer(815301076,1909f56bfc062723c751e8b465ee728b)
Start importing Assets/Course Library/Props/Bad/SM_Prop_Bomb_01.prefab using Guid(666ff701b211d6440b7bd44aa7b3abfa) Importer(815301076,1909f56bfc062723c751e8b465ee728b)  -> (artifact id: '8af6e80a8a2e0b7b2dc3300b555004eb') in 0.020744 seconds
  Import took 0.023516 seconds .

========================================================================
Received Import Request.
  Time since last request: 9.710737 seconds.
  path: Assets/Course Library/Props/Balls
  artifactKey: Guid(a24c52ef268e64400bd606e28ddfcef7) Importer(815301076,1909f56bfc062723c751e8b465ee728b)
Start importing Assets/Course Library/Props/Balls using Guid(a24c52ef268e64400bd606e28ddfcef7) Importer(815301076,1909f56bfc062723c751e8b465ee728b)  -> (artifact id: '87555962766f80343bacfcd418b1ef6d') in 0.007718 seconds
  Import took 0.009973 seconds .

========================================================================
Received Import Request.
  Time since last request: 3.130669 seconds.
  path: Assets/Course Library/Props/Balls/Ball_8Ball.prefab
  artifactKey: Guid(d4ee8d5ef71ec5a49b51381c8889bc09) Importer(815301076,1909f56bfc062723c751e8b465ee728b)
Start importing Assets/Course Library/Props/Balls/Ball_8Ball.prefab using Guid(d4ee8d5ef71ec5a49b51381c8889bc09) Importer(815301076,1909f56bfc062723c751e8b465ee728b)  -> (artifact id: 'cd176ca155041b28c1bfc91e7af8f3c0') in 0.181687 seconds
  Import took 0.184979 seconds .

========================================================================
Received Import Request.
  Time since last request: 0.000476 seconds.
  path: Assets/Course Library/Props/Balls/Ball_Soccer_01.prefab
  artifactKey: Guid(c771dc487345feb4aa9946a24d7d7713) Importer(815301076,1909f56bfc062723c751e8b465ee728b)
Start importing Assets/Course Library/Props/Balls/Ball_Soccer_01.prefab using Guid(c771dc487345feb4aa9946a24d7d7713) Importer(815301076,1909f56bfc062723c751e8b465ee728b)  -> (artifact id: '86eb9353baab5538fe64e07ebdf74727') in 0.016308 seconds
  Import took 0.019305 seconds .

========================================================================
Received Import Request.
  Time since last request: 0.000311 seconds.
  path: Assets/Course Library/Props/Balls/Ball_Cricket.prefab
  artifactKey: Guid(98b342dd18e69a346a6594879cc0c5ce) Importer(815301076,1909f56bfc062723c751e8b465ee728b)
Start importing Assets/Course Library/Props/Balls/Ball_Cricket.prefab using Guid(98b342dd18e69a346a6594879cc0c5ce) Importer(815301076,1909f56bfc062723c751e8b465ee728b)  -> (artifact id: 'eb78799d6deb4a18337dba13c476578e') in 0.016673 seconds
  Import took 0.018893 seconds .

========================================================================
Received Import Request.
  Time since last request: 0.000423 seconds.
  path: Assets/Course Library/Props/Balls/Ball_American_01.prefab
  artifactKey: Guid(dcdfdede07642ee44ad5cfe22399dc15) Importer(815301076,1909f56bfc062723c751e8b465ee728b)
Start importing Assets/Course Library/Props/Balls/Ball_American_01.prefab using Guid(dcdfdede07642ee44ad5cfe22399dc15) Importer(815301076,1909f56bfc062723c751e8b465ee728b)  -> (artifact id: '729d85bc7aa4848c2a59321cdb1f8252') in 0.016395 seconds
  Import took 0.018569 seconds .

========================================================================
Received Import Request.
  Time since last request: 0.000385 seconds.
  path: Assets/Course Library/Props/Balls/Ball_Beachball.prefab
  artifactKey: Guid(d9532b099f8dfb045844414b0b707bb3) Importer(815301076,1909f56bfc062723c751e8b465ee728b)
Start importing Assets/Course Library/Props/Balls/Ball_Beachball.prefab using Guid(d9532b099f8dfb045844414b0b707bb3) Importer(815301076,1909f56bfc062723c751e8b465ee728b)  -> (artifact id: '6d3c32110c4186014debcc5b93e54cd3') in 0.016708 seconds
  Import took 0.018946 seconds .

========================================================================
Received Import Request.
  Time since last request: 0.000417 seconds.
  path: Assets/Course Library/Props/Balls/Ball_Eye.prefab
  artifactKey: Guid(9fd6919c6e21fed429290a0f10ca4548) Importer(815301076,1909f56bfc062723c751e8b465ee728b)
Start importing Assets/Course Library/Props/Balls/Ball_Eye.prefab using Guid(9fd6919c6e21fed429290a0f10ca4548) Importer(815301076,1909f56bfc062723c751e8b465ee728b)  -> (artifact id: '450c6f1eb2ab64c60c7e0d894feeb42d') in 0.015415 seconds
  Import took 0.018089 seconds .

========================================================================
Received Import Request.
  Time since last request: 0.000370 seconds.
  path: Assets/Course Library/Props/Balls/Ball_Nuclear.prefab
  artifactKey: Guid(07cd57be5fe3a3a4082d14214f7c6ba1) Importer(815301076,1909f56bfc062723c751e8b465ee728b)
Start importing Assets/Course Library/Props/Balls/Ball_Nuclear.prefab using Guid(07cd57be5fe3a3a4082d14214f7c6ba1) Importer(815301076,1909f56bfc062723c751e8b465ee728b)  -> (artifact id: '9660ff2e4a1a3c792b62428dfd61472a') in 0.015323 seconds
  Import took 0.017697 seconds .

========================================================================
Received Import Request.
  Time since last request: 2.664344 seconds.
  path: Assets/Course Library/Props/Other
  artifactKey: Guid(dd10b0821d1df4d6b9f1957fa3e18e67) Importer(815301076,1909f56bfc062723c751e8b465ee728b)
Start importing Assets/Course Library/Props/Other using Guid(dd10b0821d1df4d6b9f1957fa3e18e67) Importer(815301076,1909f56bfc062723c751e8b465ee728b)  -> (artifact id: '442ca73aaffe5695947d1097c99957c6') in 0.008739 seconds
  Import took 0.010830 seconds .

========================================================================
Received Import Request.
  Time since last request: 0.072169 seconds.
  path: Assets/Course Library/Props/Other/Barrel_01.prefab
  artifactKey: Guid(95927758d3a4cef4ba6c4318f06876fd) Importer(815301076,1909f56bfc062723c751e8b465ee728b)
Start importing Assets/Course Library/Props/Other/Barrel_01.prefab using Guid(95927758d3a4cef4ba6c4318f06876fd) Importer(815301076,1909f56bfc062723c751e8b465ee728b)  -> (artifact id: 'b3888b207cf5b509cffe976aa87f60be') in 0.153565 seconds
  Import took 0.156433 seconds .

========================================================================
Received Import Request.
  Time since last request: 0.000504 seconds.
  path: Assets/Course Library/Props/Other/Barrel_01P.prefab
  artifactKey: Guid(f750d5f061e724f4c827ab6b376e2550) Importer(815301076,1909f56bfc062723c751e8b465ee728b)
Start importing Assets/Course Library/Props/Other/Barrel_01P.prefab using Guid(f750d5f061e724f4c827ab6b376e2550) Importer(815301076,1909f56bfc062723c751e8b465ee728b)  -> (artifact id: '7c88d223f33d6602f22e63c39550d374') in 0.038629 seconds
  Import took 0.041476 seconds .

========================================================================
Received Import Request.
  Time since last request: 0.000347 seconds.
  path: Assets/Course Library/Props/Other/Crate_Question_01.prefab
  artifactKey: Guid(d19c36dc5f97d444fa54380cf09bd828) Importer(815301076,1909f56bfc062723c751e8b465ee728b)
Start importing Assets/Course Library/Props/Other/Crate_Question_01.prefab using Guid(d19c36dc5f97d444fa54380cf09bd828) Importer(815301076,1909f56bfc062723c751e8b465ee728b)  -> (artifact id: '5a1079c03c820f48a9e2b9730116c132') in 0.043115 seconds
  Import took 0.045792 seconds .

========================================================================
Received Import Request.
  Time since last request: 0.000309 seconds.
  path: Assets/Course Library/Props/Other/Crate_01.prefab
  artifactKey: Guid(71782582b9d2cac4cba5251a3b767d13) Importer(815301076,1909f56bfc062723c751e8b465ee728b)
Start importing Assets/Course Library/Props/Other/Crate_01.prefab using Guid(71782582b9d2cac4cba5251a3b767d13) Importer(815301076,1909f56bfc062723c751e8b465ee728b)  -> (artifact id: '1af313c807907b5f6a5d0d51497d1280') in 0.018314 seconds
  Import took 0.020720 seconds .

========================================================================
Received Import Request.
  Time since last request: 0.000504 seconds.
  path: Assets/Course Library/Props/Other/Synty_Cube_01.prefab
  artifactKey: Guid(feddb6666a6474b4a80e6e7fc805f21f) Importer(815301076,1909f56bfc062723c751e8b465ee728b)
Start importing Assets/Course Library/Props/Other/Synty_Cube_01.prefab using Guid(feddb6666a6474b4a80e6e7fc805f21f) Importer(815301076,1909f56bfc062723c751e8b465ee728b)  -> (artifact id: 'f2fbca7baddf72e80a5295b58773ea15') in 0.017796 seconds
  Import took 0.019947 seconds .

========================================================================
Received Import Request.
  Time since last request: 71.970226 seconds.
  path: Assets/Prefabs/Bad 1.prefab
  artifactKey: Guid(c0874d02382a8fb469f1936f94eb6e0d) Importer(815301076,1909f56bfc062723c751e8b465ee728b)
Start importing Assets/Prefabs/Bad 1.prefab using Guid(c0874d02382a8fb469f1936f94eb6e0d) Importer(815301076,1909f56bfc062723c751e8b465ee728b)  -> (artifact id: '41b60b598b6fc2767529b8620d862d93') in 0.021156 seconds
  Import took 0.023676 seconds .

========================================================================
Received Import Request.
  Time since last request: 0.019168 seconds.
  path: Assets/Prefabs/Bad 1.prefab
  artifactKey: Guid(c0874d02382a8fb469f1936f94eb6e0d) Importer(815301076,1909f56bfc062723c751e8b465ee728b)
Start importing Assets/Prefabs/Bad 1.prefab using Guid(c0874d02382a8fb469f1936f94eb6e0d) Importer(815301076,1909f56bfc062723c751e8b465ee728b)  -> (artifact id: '41b60b598b6fc2767529b8620d862d93') in 0.016671 seconds
  Import took 0.019050 seconds .

========================================================================
Received Import Request.
  Time since last request: 0.895335 seconds.
  path: Assets/Prefabs/Bad 2.prefab
  artifactKey: Guid(20fc8a722d9ae1543b92b4988808b24f) Importer(815301076,1909f56bfc062723c751e8b465ee728b)
Start importing Assets/Prefabs/Bad 2.prefab using Guid(20fc8a722d9ae1543b92b4988808b24f) Importer(815301076,1909f56bfc062723c751e8b465ee728b)  -> (artifact id: 'b4d7771d897ceb9aaf7ee294699d4848') in 0.022340 seconds
  Import took 0.024628 seconds .

========================================================================
Received Import Request.
  Time since last request: 0.009122 seconds.
  path: Assets/Prefabs/Bad 2.prefab
  artifactKey: Guid(20fc8a722d9ae1543b92b4988808b24f) Importer(815301076,1909f56bfc062723c751e8b465ee728b)
Start importing Assets/Prefabs/Bad 2.prefab using Guid(20fc8a722d9ae1543b92b4988808b24f) Importer(815301076,1909f56bfc062723c751e8b465ee728b)  -> (artifact id: 'b4d7771d897ceb9aaf7ee294699d4848') in 0.042275 seconds
  Import took 0.045257 seconds .

========================================================================
Received Import Request.
  Time since last request: 1.021622 seconds.
  path: Assets/Prefabs/Good 1.prefab
  artifactKey: Guid(be4256415094c8f4c8c59e538ebb0c85) Importer(815301076,1909f56bfc062723c751e8b465ee728b)
Start importing Assets/Prefabs/Good 1.prefab using Guid(be4256415094c8f4c8c59e538ebb0c85) Importer(815301076,1909f56bfc062723c751e8b465ee728b)  -> (artifact id: 'bed3ba6a5f33a26228af7033caacda1e') in 0.018698 seconds
  Import took 0.020859 seconds .

========================================================================
Received Import Request.
  Time since last request: 0.012752 seconds.
  path: Assets/Prefabs/Good 1.prefab
  artifactKey: Guid(be4256415094c8f4c8c59e538ebb0c85) Importer(815301076,1909f56bfc062723c751e8b465ee728b)
Start importing Assets/Prefabs/Good 1.prefab using Guid(be4256415094c8f4c8c59e538ebb0c85) Importer(815301076,1909f56bfc062723c751e8b465ee728b)  -> (artifact id: 'bed3ba6a5f33a26228af7033caacda1e') in 0.018995 seconds
  Import took 0.021332 seconds .

========================================================================
Received Import Request.
  Time since last request: 1.234885 seconds.
  path: Assets/Prefabs/Good 2.prefab
  artifactKey: Guid(24c710a78390c2d4ea631ef142305e23) Importer(815301076,1909f56bfc062723c751e8b465ee728b)
Start importing Assets/Prefabs/Good 2.prefab using Guid(24c710a78390c2d4ea631ef142305e23) Importer(815301076,1909f56bfc062723c751e8b465ee728b)  -> (artifact id: '5a351ffd35ce1e2762fe6a1a3c0c0129') in 0.019152 seconds
  Import took 0.021486 seconds .

========================================================================
Received Import Request.
  Time since last request: 0.008185 seconds.
  path: Assets/Prefabs/Good 2.prefab
  artifactKey: Guid(24c710a78390c2d4ea631ef142305e23) Importer(815301076,1909f56bfc062723c751e8b465ee728b)
Start importing Assets/Prefabs/Good 2.prefab using Guid(24c710a78390c2d4ea631ef142305e23) Importer(815301076,1909f56bfc062723c751e8b465ee728b)  -> (artifact id: '5a351ffd35ce1e2762fe6a1a3c0c0129') in 0.018014 seconds
  Import took 0.020200 seconds .

========================================================================
Received Import Request.
  Time since last request: 1.430026 seconds.
  path: Assets/Prefabs/Good 3.prefab
  artifactKey: Guid(bc88c4920d4509943ba240c9f46006e3) Importer(815301076,1909f56bfc062723c751e8b465ee728b)
Start importing Assets/Prefabs/Good 3.prefab using Guid(bc88c4920d4509943ba240c9f46006e3) Importer(815301076,1909f56bfc062723c751e8b465ee728b)  -> (artifact id: 'b59a5069a8bb78f2db5b8c93151111e0') in 0.019088 seconds
  Import took 0.021607 seconds .

========================================================================
Received Import Request.
  Time since last request: 0.008661 seconds.
  path: Assets/Prefabs/Good 3.prefab
  artifactKey: Guid(bc88c4920d4509943ba240c9f46006e3) Importer(815301076,1909f56bfc062723c751e8b465ee728b)
Start importing Assets/Prefabs/Good 3.prefab using Guid(bc88c4920d4509943ba240c9f46006e3) Importer(815301076,1909f56bfc062723c751e8b465ee728b)  -> (artifact id: 'b59a5069a8bb78f2db5b8c93151111e0') in 0.016721 seconds
  Import took 0.019131 seconds .

========================================================================
Received Import Request.
  Time since last request: 4.858626 seconds.
  path: ProjectSettings/TagManager.asset
  artifactKey: Guid(00000000000000003000000000000000) Importer(815301076,1909f56bfc062723c751e8b465ee728b)
Start importing ProjectSettings/TagManager.asset using Guid(00000000000000003000000000000000) Importer(815301076,1909f56bfc062723c751e8b465ee728b)  -> (artifact id: '4e1ade904f8483502412a943970edefa') in 0.008281 seconds
  Import took 0.010310 seconds .

========================================================================
Received Import Request.
  Time since last request: 13.487071 seconds.
  path: Assets/Prefabs/Bad 1.prefab
  artifactKey: Guid(c0874d02382a8fb469f1936f94eb6e0d) Importer(815301076,1909f56bfc062723c751e8b465ee728b)
Start importing Assets/Prefabs/Bad 1.prefab using Guid(c0874d02382a8fb469f1936f94eb6e0d) Importer(815301076,1909f56bfc062723c751e8b465ee728b)  -> (artifact id: '9cdccb1f731ef561b1b831963d2e7de6') in 0.015737 seconds
  Import took 0.018212 seconds .

========================================================================
Received Import Request.
  Time since last request: 0.001281 seconds.
  path: Assets/Prefabs/Bad 1.prefab
  artifactKey: Guid(c0874d02382a8fb469f1936f94eb6e0d) Importer(815301076,1909f56bfc062723c751e8b465ee728b)
Start importing Assets/Prefabs/Bad 1.prefab using Guid(c0874d02382a8fb469f1936f94eb6e0d) Importer(815301076,1909f56bfc062723c751e8b465ee728b)  -> (artifact id: '9cdccb1f731ef561b1b831963d2e7de6') in 0.018789 seconds
  Import took 0.021037 seconds .

========================================================================
Received Import Request.
  Time since last request: 0.000484 seconds.
  path: Assets/Prefabs/Bad 2.prefab
  artifactKey: Guid(20fc8a722d9ae1543b92b4988808b24f) Importer(815301076,1909f56bfc062723c751e8b465ee728b)
Start importing Assets/Prefabs/Bad 2.prefab using Guid(20fc8a722d9ae1543b92b4988808b24f) Importer(815301076,1909f56bfc062723c751e8b465ee728b)  -> (artifact id: '05b71fd50cae497c801a6fce9164c836') in 0.043584 seconds
  Import took 0.045823 seconds .

========================================================================
Received Import Request.
  Time since last request: 5.477367 seconds.
  path: Assets/Prefabs/Good 1.prefab
  artifactKey: Guid(be4256415094c8f4c8c59e538ebb0c85) Importer(815301076,1909f56bfc062723c751e8b465ee728b)
Start importing Assets/Prefabs/Good 1.prefab using Guid(be4256415094c8f4c8c59e538ebb0c85) Importer(815301076,1909f56bfc062723c751e8b465ee728b)  -> (artifact id: '84f53942ee73f1b419b54cb78fee974e') in 0.017194 seconds
  Import took 0.020193 seconds .

========================================================================
Received Import Request.
  Time since last request: 0.001098 seconds.
  path: Assets/Prefabs/Good 1.prefab
  artifactKey: Guid(be4256415094c8f4c8c59e538ebb0c85) Importer(815301076,1909f56bfc062723c751e8b465ee728b)
Start importing Assets/Prefabs/Good 1.prefab using Guid(be4256415094c8f4c8c59e538ebb0c85) Importer(815301076,1909f56bfc062723c751e8b465ee728b)  -> (artifact id: '84f53942ee73f1b419b54cb78fee974e') in 0.016399 seconds
  Import took 0.018868 seconds .

========================================================================
Received Import Request.
  Time since last request: 0.000383 seconds.
  path: Assets/Prefabs/Good 2.prefab
  artifactKey: Guid(24c710a78390c2d4ea631ef142305e23) Importer(815301076,1909f56bfc062723c751e8b465ee728b)
Start importing Assets/Prefabs/Good 2.prefab using Guid(24c710a78390c2d4ea631ef142305e23) Importer(815301076,1909f56bfc062723c751e8b465ee728b)  -> (artifact id: '47df6697adaab9ea248f641112fab1cf') in 0.016888 seconds
  Import took 0.019276 seconds .

========================================================================
Received Import Request.
  Time since last request: 0.000564 seconds.
  path: Assets/Prefabs/Good 3.prefab
  artifactKey: Guid(bc88c4920d4509943ba240c9f46006e3) Importer(815301076,1909f56bfc062723c751e8b465ee728b)
Start importing Assets/Prefabs/Good 3.prefab using Guid(bc88c4920d4509943ba240c9f46006e3) Importer(815301076,1909f56bfc062723c751e8b465ee728b)  -> (artifact id: '3c318c5f1009952ab961878ce3b2a361') in 0.016530 seconds
  Import took 0.018924 seconds .

========================================================================
Received Prepare
Registering precompiled user dll's ...
Registered in 0.000696 seconds.
Begin MonoManager ReloadAssembly
Native extension for WindowsStandalone target not found
Native extension for WebGL target not found
Refreshing native plugins compatible for Editor in 0.34 ms, found 0 plugins.
Preloading 0 native plugins for Editor in 0.00 ms.
Invoked RoslynAnalysisRunner static constructor.
RoslynAnalysisRunner will not be running.
RoslynAnalysisRunner has terminated.
Mono: successfully reloaded assembly
- Completed reload, in  0.668 seconds
Platform modules already initialized, skipping
Refreshing native plugins compatible for Editor in 0.22 ms, found 0 plugins.
Preloading 0 native plugins for Editor in 0.00 ms.
Unloading 1110 Unused Serialized files (Serialized files now loaded: 0)
System memory in use before: 61.1 MB.
System memory in use after: 61.2 MB.

Unloading 7 unused Assets to reduce memory usage. Loaded Objects now: 1612.
Total: 2.603200 ms (FindLiveObjects: 0.263900 ms CreateObjectMapping: 0.069300 ms MarkObjects: 2.207200 ms  DeleteObjects: 0.061000 ms)

========================================================================
Received Import Request.
  Time since last request: 692.909931 seconds.
  path: Assets/Scripts/Target.cs
  artifactKey: Guid(d82484c6e0b71a3428a183b99eb73b56) Importer(815301076,1909f56bfc062723c751e8b465ee728b)
Start importing Assets/Scripts/Target.cs using Guid(d82484c6e0b71a3428a183b99eb73b56) Importer(815301076,1909f56bfc062723c751e8b465ee728b)  -> (artifact id: 'f438d5cf663d1152fdb2da85e66daef4') in 0.007877 seconds
  Import took 0.009869 seconds .

========================================================================
Received Import Request.
  Time since last request: 13.118727 seconds.
  path: Assets/Prefabs/Bad 1.prefab
  artifactKey: Guid(c0874d02382a8fb469f1936f94eb6e0d) Importer(815301076,1909f56bfc062723c751e8b465ee728b)
Start importing Assets/Prefabs/Bad 1.prefab using Guid(c0874d02382a8fb469f1936f94eb6e0d) Importer(815301076,1909f56bfc062723c751e8b465ee728b)  -> (artifact id: '5239cc999e33e64fe88781bb27c9fa3e') in 0.055516 seconds
  Import took 0.057609 seconds .

========================================================================
Received Import Request.
  Time since last request: 0.000322 seconds.
  path: Assets/Prefabs/Bad 2.prefab
  artifactKey: Guid(20fc8a722d9ae1543b92b4988808b24f) Importer(815301076,1909f56bfc062723c751e8b465ee728b)
Start importing Assets/Prefabs/Bad 2.prefab using Guid(20fc8a722d9ae1543b92b4988808b24f) Importer(815301076,1909f56bfc062723c751e8b465ee728b)  -> (artifact id: 'f34b5a0ca218f497038ac42b63252045') in 0.020935 seconds
  Import took 0.023577 seconds .

========================================================================
Received Import Request.
  Time since last request: 0.000314 seconds.
  path: Assets/Prefabs/Good 2.prefab
  artifactKey: Guid(24c710a78390c2d4ea631ef142305e23) Importer(815301076,1909f56bfc062723c751e8b465ee728b)
Start importing Assets/Prefabs/Good 2.prefab using Guid(24c710a78390c2d4ea631ef142305e23) Importer(815301076,1909f56bfc062723c751e8b465ee728b)  -> (artifact id: 'a0493b5856a2e164d20164c341a7c06d') in 0.018212 seconds
  Import took 0.020132 seconds .

========================================================================
Received Import Request.
  Time since last request: 0.000448 seconds.
  path: Assets/Prefabs/Good 1.prefab
  artifactKey: Guid(be4256415094c8f4c8c59e538ebb0c85) Importer(815301076,1909f56bfc062723c751e8b465ee728b)
Start importing Assets/Prefabs/Good 1.prefab using Guid(be4256415094c8f4c8c59e538ebb0c85) Importer(815301076,1909f56bfc062723c751e8b465ee728b)  -> (artifact id: '7084d73b0c2e47b155f3b711a995f879') in 0.015780 seconds
  Import took 0.018223 seconds .

========================================================================
Received Import Request.
  Time since last request: 0.000382 seconds.
  path: Assets/Prefabs/Good 3.prefab
  artifactKey: Guid(bc88c4920d4509943ba240c9f46006e3) Importer(815301076,1909f56bfc062723c751e8b465ee728b)
Start importing Assets/Prefabs/Good 3.prefab using Guid(bc88c4920d4509943ba240c9f46006e3) Importer(815301076,1909f56bfc062723c751e8b465ee728b)  -> (artifact id: 'd963617fc482df39ee77bab06069fa8f') in 0.016857 seconds
  Import took 0.019334 seconds .

========================================================================
Received Prepare
Registering precompiled user dll's ...
Registered in 0.000602 seconds.
Begin MonoManager ReloadAssembly
Native extension for WindowsStandalone target not found
Native extension for WebGL target not found
Refreshing native plugins compatible for Editor in 0.22 ms, found 0 plugins.
Preloading 0 native plugins for Editor in 0.00 ms.
Invoked RoslynAnalysisRunner static constructor.
RoslynAnalysisRunner will not be running.
RoslynAnalysisRunner has terminated.
Mono: successfully reloaded assembly
- Completed reload, in  0.659 seconds
Platform modules already initialized, skipping
Refreshing native plugins compatible for Editor in 0.24 ms, found 0 plugins.
Preloading 0 native plugins for Editor in 0.00 ms.
Unloading 1110 Unused Serialized files (Serialized files now loaded: 0)
System memory in use before: 61.1 MB.
System memory in use after: 61.2 MB.

Unloading 5 unused Assets to reduce memory usage. Loaded Objects now: 1616.
Total: 2.004000 ms (FindLiveObjects: 0.331100 ms CreateObjectMapping: 0.070100 ms MarkObjects: 1.548200 ms  DeleteObjects: 0.052900 ms)

========================================================================
Received Prepare
Registering precompiled user dll's ...
Registered in 0.000750 seconds.
Begin MonoManager ReloadAssembly
Native extension for WindowsStandalone target not found
Native extension for WebGL target not found
Refreshing native plugins compatible for Editor in 0.23 ms, found 0 plugins.
Preloading 0 native plugins for Editor in 0.00 ms.
Invoked RoslynAnalysisRunner static constructor.
RoslynAnalysisRunner will not be running.
RoslynAnalysisRunner has terminated.
Mono: successfully reloaded assembly
- Completed reload, in  0.672 seconds
Platform modules already initialized, skipping
Refreshing native plugins compatible for Editor in 0.22 ms, found 0 plugins.
Preloading 0 native plugins for Editor in 0.00 ms.
Unloading 1110 Unused Serialized files (Serialized files now loaded: 0)
System memory in use before: 61.1 MB.
System memory in use after: 61.2 MB.

Unloading 5 unused Assets to reduce memory usage. Loaded Objects now: 1619.
Total: 2.075400 ms (FindLiveObjects: 0.223300 ms CreateObjectMapping: 0.052400 ms MarkObjects: 1.740300 ms  DeleteObjects: 0.057500 ms)

========================================================================
Received Prepare
Registering precompiled user dll's ...
Registered in 0.000605 seconds.
Begin MonoManager ReloadAssembly
Native extension for WindowsStandalone target not found
Native extension for WebGL target not found
Refreshing native plugins compatible for Editor in 0.25 ms, found 0 plugins.
Preloading 0 native plugins for Editor in 0.00 ms.
Invoked RoslynAnalysisRunner static constructor.
RoslynAnalysisRunner will not be running.
RoslynAnalysisRunner has terminated.
Mono: successfully reloaded assembly
- Completed reload, in  0.679 seconds
Platform modules already initialized, skipping
Refreshing native plugins compatible for Editor in 0.21 ms, found 0 plugins.
Preloading 0 native plugins for Editor in 0.00 ms.
Unloading 1110 Unused Serialized files (Serialized files now loaded: 0)
System memory in use before: 61.1 MB.
System memory in use after: 61.2 MB.

Unloading 5 unused Assets to reduce memory usage. Loaded Objects now: 1622.
Total: 1.502100 ms (FindLiveObjects: 0.162100 ms CreateObjectMapping: 0.030700 ms MarkObjects: 1.250600 ms  DeleteObjects: 0.057500 ms)

AssetImportWorkerClient::OnTransportError - code=2 error=End of file
